<?xml version="1.0" encoding="UTF-8"?>
<testng-results ignored="0" total="1" passed="1" failed="0" skipped="0">
  <reporter-output>
  </reporter-output>
  <suite started-at="2020-07-26T16:00:38 GMT-04:00" name="Suite" finished-at="2020-07-26T16:00:40 GMT-04:00" duration-ms="2813">
    <groups>
    </groups>
    <test started-at="2020-07-26T16:00:38 GMT-04:00" name="Test" finished-at="2020-07-26T16:00:40 GMT-04:00" duration-ms="2813">
      <class name="tests.LoginTest">
        <test-method is-config="true" signature="setUp()[pri:0, instance:tests.LoginTest@647fd8ce]" started-at="2020-07-26T16:00:38 GMT-04:00" name="setUp" finished-at="2020-07-26T16:00:38 GMT-04:00" duration-ms="13" status="PASS">
          <reporter-output>
          </reporter-output>
        </test-method> <!-- setUp -->
        <test-method signature="loginTest()[pri:0, instance:tests.LoginTest@647fd8ce]" started-at="2020-07-26T16:00:38 GMT-04:00" name="loginTest" finished-at="2020-07-26T16:00:40 GMT-04:00" duration-ms="2765" status="PASS">
          <reporter-output>
          </reporter-output>
        </test-method> <!-- loginTest -->
      </class> <!-- tests.LoginTest -->
    </test> <!-- Test -->
  </suite> <!-- Suite -->
</testng-results>
